
User Configuration
-------------------------------------
Algorithm				:	Minimum_Area
Memory Type				:	True_Dual_Port_RAM
Port A Read Width		:	8
Port B Read Width		:	8
Port A Write Width		:	8
Port B Write Width		:	8
Memory Depth			:	8192
--------------------------------------------------------------

Block RAM resource(s) (9K BRAMs)		: 0
Block RAM resource(s) (18K BRAMs)		: 4
--------------------------------------------------------------
Clock A Frequency		:  4
Clock B Frequency		:  25
Port A Enable Rate		:  100
Port B Enable Rate		:  100
Port A Write Rate		:  50
Port B Write Rate		:  50
----------------------------------------------------------
Estimated Power for IP : 2.464857 mW
----------------------------------------------------------
